<?xml version="1.0" encoding="UTF-8"?>
<testng-results ignored="0" total="1" passed="1" failed="0" skipped="0">
  <reporter-output>
    <line>
      <![CDATA[Setting up the reports and Test is getting ready]]>
    </line>
    <line>
      <![CDATA[Setting Done and Test can be started]]>
    </line>
    <line>
      <![CDATA[Trying to start browser and getting application ready]]>
    </line>
    <line>
      <![CDATA[Browser and application is up and runnning]]>
    </line>
    <line>
      <![CDATA[Test is about to end]]>
    </line>
    <line>
      <![CDATA[Test completed >>>> Report generated]]>
    </line>
  </reporter-output>
  <suite started-at="2021-04-25T14:23:23Z" name="Suite" finished-at="2021-04-25T14:23:44Z" duration-ms="20707">
    <groups>
    </groups>
    <test started-at="2021-04-25T14:23:23Z" name="Test" finished-at="2021-04-25T14:23:44Z" duration-ms="20707">
      <class name="com.automation.testcases.LoginTestCRM">
        <test-method is-config="true" signature="SetUpSuite()[pri:0, instance:com.automation.testcases.LoginTestCRM@563e4951]" started-at="2021-04-25T14:23:21Z" name="SetUpSuite" finished-at="2021-04-25T14:23:23Z" duration-ms="2009" status="PASS">
          <reporter-output>
            <line>
              <![CDATA[Setting up the reports and Test is getting ready]]>
            </line>
            <line>
              <![CDATA[Setting Done and Test can be started]]>
            </line>
          </reporter-output>
        </test-method> <!-- SetUpSuite -->
        <test-method is-config="true" signature="setUp()[pri:0, instance:com.automation.testcases.LoginTestCRM@563e4951]" started-at="2021-04-25T14:23:23Z" name="setUp" finished-at="2021-04-25T14:23:37Z" duration-ms="14464" status="PASS">
          <reporter-output>
            <line>
              <![CDATA[Trying to start browser and getting application ready]]>
            </line>
            <line>
              <![CDATA[Browser and application is up and runnning]]>
            </line>
          </reporter-output>
        </test-method> <!-- setUp -->
        <test-method signature="loginApp()[pri:0, instance:com.automation.testcases.LoginTestCRM@563e4951]" started-at="2021-04-25T14:23:37Z" name="loginApp" finished-at="2021-04-25T14:23:41Z" duration-ms="3469" status="PASS">
          <reporter-output>
          </reporter-output>
        </test-method> <!-- loginApp -->
        <test-method is-config="true" signature="tearDownMethod(org.testng.ITestResult)[pri:0, instance:com.automation.testcases.LoginTestCRM@563e4951]" started-at="2021-04-25T14:23:41Z" name="tearDownMethod" finished-at="2021-04-25T14:23:42Z" duration-ms="1040" status="PASS">
          <params>
            <param index="0">
              <value>
                <![CDATA[[TestResult name=loginApp status=SUCCESS method=LoginTestCRM.loginApp()[pri:0, instance:com.automation.testcases.LoginTestCRM@563e4951] output={null}]]]>
              </value>
            </param>
          </params>
          <reporter-output>
            <line>
              <![CDATA[Test is about to end]]>
            </line>
            <line>
              <![CDATA[Test completed >>>> Report generated]]>
            </line>
          </reporter-output>
        </test-method> <!-- tearDownMethod -->
        <test-method is-config="true" signature="tearDown()[pri:0, instance:com.automation.testcases.LoginTestCRM@563e4951]" started-at="2021-04-25T14:23:42Z" name="tearDown" finished-at="2021-04-25T14:23:44Z" duration-ms="1695" status="PASS">
          <reporter-output>
          </reporter-output>
        </test-method> <!-- tearDown -->
      </class> <!-- com.automation.testcases.LoginTestCRM -->
    </test> <!-- Test -->
  </suite> <!-- Suite -->
</testng-results>
